Case #1: AGBYXTTYADT
Case #2: KASXYCVDKMRKLMH
Case #3: FJFZDAMDODXIGERXXIC
Case #4: RQXDXZBHA
Case #5: CAMHBXEMVJ
Case #6: FYRAVEWGICVW
Case #7: INLHAWVTXSOBGKJYSO
Case #8: OKCADKJXABSLKP
Case #9: LSRGYZADGAM
Case #10: TWEIKLTAWLWPFHQVYCU
Case #11: OESEXTKXKGXRRZXAAHW
Case #12: PA
Case #13: VBNJXRDJACJXCXVWBU
Case #14: ZLCXJAJPDSAXFES
Case #15: AACEYNLPMBJXZSX
Case #16: KKAKFIWWJIUUJOGKH
Case #17: XHCKOGAB
Case #18: A
Case #19: EXPZQXEDAJYRYDESCLY
Case #20: KDXTAHUESOKNL
Case #21: SOIXGLQIAPHGVVO
Case #22: MKIBIHSMPAZPTUNQDVTT
Case #23: HIUXVECXYWESAHFA
Case #24: VEVJECRAOQIWY
Case #25: UATQ
Case #26: CTQCBVGZSWAZAMEJP
Case #27: AJFEZVMFYULDLJS
Case #28: ETZQWSOAZMBLVQ
Case #29: USATQADSTPSBWMSR
Case #30: KGAVXAOVWWOQLUTFLVF
Case #31: WDRTIXJYRSYVJAAMRFNV
Case #32: ADAM
Case #33: QQWXQVOPLAJLHKHOO
Case #34: KCAYQOUNTDD
Case #35: ACKDN
Case #36: XBAQSPFVUY
Case #37: AXBVUCA
Case #38: TVMTHCDKAJWSW
Case #39: CGOLOTDDPAAMZIJV
Case #40: XYSFFAUVWAICBZHRG
Case #41: LGXXAXYVFHHQC
Case #42: WWIEKSIAAWYUDAN
Case #43: IXONWWTAG
Case #44: QXSVLNTKEIVMAS
Case #45: ANOVP
Case #46: DDTXHXCXAJTDOCCOMM
Case #47: VCFACXJEHVXXPHHI
Case #48: WYAMQDEOIWZBUB
Case #49: YIYJJPAZOPEUZGA
Case #50: HMAMMWEENPRV
Case #51: ZFCMITSSCASZRYHAG
Case #52: OALIWBIFUTWBFE
Case #53: VBKDJUBHNWAS
Case #54: CVRUJAFF
Case #55: KJKMFXELPRBAE
Case #56: DACJTOFEPEFTJUJCBSLG
Case #57: RMUYDACJYXNBOXJR
Case #58: FCEKHALVASPR
Case #59: HFKRRAMHMDWXWWFUMGZD
Case #60: RMZGHFTHXSJJATX
Case #61: SJFLDUKQQOMAHBIOAXOJ
Case #62: GUYABPYAGZRGYYBTQMUC
Case #63: AMXCNOAANHPLF
Case #64: SVUXWSJCAUYPFNL
Case #65: GLYKFLNYA
Case #66: XSABDWORBFYQDKZWXE
Case #67: VWNDBWRNNIVAAY
Case #68: YTAKPWYTINRS
Case #69: CNUWWAJ
Case #70: LPHXCRHIOUKFKAANXRC
Case #71: HYNBIGTAJNJODKACUROG
Case #72: WAEDKKXNMOJQXUN
Case #73: PANBEGEIOLZHRH
Case #74: HEGJBMJGYJPHLCWLGAP
Case #75: QHXGAISDCZN
Case #76: LITDVDLIYXUYAS
Case #77: DZTKOOSDFUAGWL
Case #78: ZEICNDVRFGACLYWG
Case #79: ZSULA
Case #80: VGHJCAKHMNMCGOECPZP
Case #81: BAPFKBAEZF
Case #82: OMEDQAKWRZTS
Case #83: ZMRIMGICJCHAYNWU
Case #84: IQXQFCAQFA
Case #85: PQRKASWHJ
Case #86: ZYFKBSIUWPTPCSA
Case #87: AYHARECFO
Case #88: JXCMJWENTVBYYAW
Case #89: QYGMWNYRJANQQYUPA
Case #90: PSCAFMAYF
Case #91: YCDYTABEQVVDR
Case #92: AVTSLGZOPMTV
Case #93: LAIYFBTEDVLTLZ
Case #94: NOARUSVMYNIZOZBVQP
Case #95: HUEKJSCWURUPCCAW
Case #96: ZPAHXXLCCYMNSPTQYTDW
Case #97: AFMOIIYAEPYX
Case #98: ADNWUUKDEZLCFZOCUA
Case #99: RUYFDFOOTSZGFAHMB
Case #100: VSZAEUCAS
